<?xml version="1.0" encoding="UTF-8"?>
<!-- Generated by org.testng.reporters.JUnitReportReporter -->
<testsuite skipped="0" hostname="MOHAN-HP" name="com.demo.tests.DemoTest" tests="1" failures="0" timestamp="07 Apr 2021 09:42:32 GMT" time="0.031" errors="0">
  <testcase name="test" time="0.031" classname="com.demo.tests.DemoTest"/>
</testsuite> <!-- com.demo.tests.DemoTest -->
